<?xml version="1.0" encoding="UTF-8"?>
<!-- Generated by org.testng.reporters.JUnitReportReporter -->
<testsuite skipped="0" hostname="DESKTOP-DP8GRSG" name="home_Test.Current_url_Test" tests="1" failures="0" timestamp="2020-11-11T00:20:28 EST" time="13.363" errors="0">
  <testcase name="currentUrlTest" time="13.363" classname="home_Test.Current_url_Test"/>
  <system-out/>
</testsuite> <!-- home_Test.Current_url_Test -->
