<?xml version="1.0" encoding="UTF-8"?>
<!-- Generated by org.testng.reporters.JUnitReportReporter -->
<testsuite skipped="0" hostname="DESKTOP-DP8GRSG" name="home_Test.HandleTabsTest" tests="1" failures="0" timestamp="2020-11-11T00:20:28 EST" time="12.448" errors="0">
  <testcase name="getHandle_Tabs_Test" time="12.448" classname="home_Test.HandleTabsTest"/>
  <system-out/>
</testsuite> <!-- home_Test.HandleTabsTest -->
